# JRE version: Java(TM) SE Runtime Environment (21.0.9+7) (build 21.0.9+7-LTS-338)
# Java VM: Java HotSpot(TM) 64-Bit Server VM (21.0.9+7-LTS-338, mixed mode, sharing, tiered, compressed oops, compressed class ptrs, g1 gc, windows-amd64)
GC Precious Log:
 CardTable entry size: 512
 Card Set container configuration: InlinePtr #cards 5 size 8 Array Of Cards #cards 12 size 40 Howl #buckets 4 coarsen threshold 1843 Howl Bitmap #cards 512 size 80 coarsen threshold 460 Card regions per heap region 1 cards per card region 2048
 CPUs: 4 total, 4 available
 Memory: 8075M
 Large Page Support: Disabled
 NUMA Support: Disabled
 Compressed Oops: Enabled (32-bit)
 Heap Region Size: 1M
 Heap Min Capacity: 8M
 Heap Initial Capacity: 8M
 Heap Max Capacity: 2020M
 Pre-touch: Disabled
 Parallel Workers: 4
 Concurrent Workers: 1
 Concurrent Refinement Workers: 4
 Periodic GC: Disabled
Heap:
 garbage-first heap   total 18432K, used 9571K [0x0000000081c00000, 0x0000000100000000)
  region size 1024K, 7 young (7168K), 1 survivors (1024K)
 Metaspace       used 9381K, committed 9536K, reserved 1114112K
  class space    used 1059K, committed 1152K, reserved 1048576K
GC Heap History (18 events):
Event: 0.368 GC heap before
{Heap before GC invocations=0 (full 0):
 garbage-first heap   total 8192K, used 2048K [0x0000000081c00000, 0x0000000100000000)
  region size 1024K, 3 young (3072K), 0 survivors (0K)
 Metaspace       used 2626K, committed 2752K, reserved 1114112K
  class space    used 338K, committed 384K, reserved 1048576K
}
Event: 0.376 GC heap after
{Heap after GC invocations=1 (full 0):
 garbage-first heap   total 8192K, used 1264K [0x0000000081c00000, 0x0000000100000000)
  region size 1024K, 1 young (1024K), 1 survivors (1024K)
 Metaspace       used 2626K, committed 2752K, reserved 1114112K
  class space    used 338K, committed 384K, reserved 1048576K
}
Event: 0.565 GC heap before
{Heap before GC invocations=1 (full 0):
 garbage-first heap   total 8192K, used 1264K [0x0000000081c00000, 0x0000000100000000)
  region size 1024K, 2 young (2048K), 1 survivors (1024K)
 Metaspace       used 5451K, committed 5632K, reserved 1114112K
  class space    used 650K, committed 704K, reserved 1048576K
}
Event: 0.571 GC heap after
{Heap after GC invocations=2 (full 0):
 garbage-first heap   total 8192K, used 1778K [0x0000000081c00000, 0x0000000100000000)
  region size 1024K, 1 young (1024K), 1 survivors (1024K)
 Metaspace       used 5451K, committed 5632K, reserved 1114112K
  class space    used 650K, committed 704K, reserved 1048576K
}
Event: 0.818 GC heap before
{Heap before GC invocations=2 (full 0):
 garbage-first heap   total 8192K, used 2802K [0x0000000081c00000, 0x0000000100000000)
  region size 1024K, 2 young (2048K), 1 survivors (1024K)
 Metaspace       used 7164K, committed 7296K, reserved 1114112K
  class space    used 831K, committed 896K, reserved 1048576K
}
Event: 0.821 GC heap after
{Heap after GC invocations=3 (full 0):
 garbage-first heap   total 8192K, used 2218K [0x0000000081c00000, 0x0000000100000000)
  region size 1024K, 1 young (1024K), 1 survivors (1024K)
 Metaspace       used 7164K, committed 7296K, reserved 1114112K
  class space    used 831K, committed 896K, reserved 1048576K
}
Event: 1.035 GC heap before
{Heap before GC invocations=3 (full 0):
 garbage-first heap   total 8192K, used 3242K [0x0000000081c00000, 0x0000000100000000)
  region size 1024K, 2 young (2048K), 1 survivors (1024K)
 Metaspace       used 7930K, committed 8192K, reserved 1114112K
  class space    used 889K, committed 1024K, reserved 1048576K
}
Event: 1.043 GC heap after
{Heap after GC invocations=4 (full 0):
 garbage-first heap   total 8192K, used 2521K [0x0000000081c00000, 0x0000000100000000)
  region size 1024K, 1 young (1024K), 1 survivors (1024K)
 Metaspace       used 7930K, committed 8192K, reserved 1114112K
  class space    used 889K, committed 1024K, reserved 1048576K
}
Event: 1.142 GC heap before
{Heap before GC invocations=4 (full 0):
 garbage-first heap   total 8192K, used 4569K [0x0000000081c00000, 0x0000000100000000)
  region size 1024K, 3 young (3072K), 1 survivors (1024K)
 Metaspace       used 8253K, committed 8448K, reserved 1114112K
  class space    used 937K, committed 1024K, reserved 1048576K
}
Event: 1.145 GC heap after
{Heap after GC invocations=5 (full 0):
 garbage-first heap   total 10240K, used 3128K [0x0000000081c00000, 0x0000000100000000)
  region size 1024K, 1 young (1024K), 1 survivors (1024K)
 Metaspace       used 8253K, committed 8448K, reserved 1114112K
  class space    used 937K, committed 1024K, reserved 1048576K
}
Event: 1.175 GC heap before
{Heap before GC invocations=5 (full 0):
 garbage-first heap   total 10240K, used 5176K [0x0000000081c00000, 0x0000000100000000)
  region size 1024K, 3 young (3072K), 1 survivors (1024K)
 Metaspace       used 8278K, committed 8512K, reserved 1114112K
  class space    used 937K, committed 1024K, reserved 1048576K
}
Event: 1.178 GC heap after
{Heap after GC invocations=6 (full 0):
 garbage-first heap   total 10240K, used 3417K [0x0000000081c00000, 0x0000000100000000)
  region size 1024K, 1 young (1024K), 1 survivors (1024K)
 Metaspace       used 8278K, committed 8512K, reserved 1114112K
  class space    used 937K, committed 1024K, reserved 1048576K
}
Event: 1.221 GC heap before
{Heap before GC invocations=6 (full 0):
 garbage-first heap   total 10240K, used 5465K [0x0000000081c00000, 0x0000000100000000)
  region size 1024K, 3 young (3072K), 1 survivors (1024K)
 Metaspace       used 8382K, committed 8512K, reserved 1114112K
  class space    used 946K, committed 1024K, reserved 1048576K
}
Event: 1.223 GC heap after
{Heap after GC invocations=7 (full 0):
 garbage-first heap   total 10240K, used 3576K [0x0000000081c00000, 0x0000000100000000)
  region size 1024K, 1 young (1024K), 1 survivors (1024K)
 Metaspace       used 8382K, committed 8512K, reserved 1114112K
  class space    used 946K, committed 1024K, reserved 1048576K
}
Event: 1.242 GC heap before
{Heap before GC invocations=7 (full 0):
 garbage-first heap   total 10240K, used 6648K [0x0000000081c00000, 0x0000000100000000)
  region size 1024K, 4 young (4096K), 1 survivors (1024K)
 Metaspace       used 8399K, committed 8576K, reserved 1114112K
  class space    used 946K, committed 1024K, reserved 1048576K
}
Event: 1.244 GC heap after
{Heap after GC invocations=8 (full 0):
 garbage-first heap   total 10240K, used 4065K [0x0000000081c00000, 0x0000000100000000)
  region size 1024K, 1 young (1024K), 1 survivors (1024K)
 Metaspace       used 8399K, committed 8576K, reserved 1114112K
  class space    used 946K, committed 1024K, reserved 1048576K
}
Event: 1.281 GC heap before
{Heap before GC invocations=8 (full 0):
 garbage-first heap   total 10240K, used 7137K [0x0000000081c00000, 0x0000000100000000)
  region size 1024K, 4 young (4096K), 1 survivors (1024K)
 Metaspace       used 8437K, committed 8640K, reserved 1114112K
  class space    used 951K, committed 1024K, reserved 1048576K
}
Event: 1.285 GC heap after
{Heap after GC invocations=9 (full 0):
 garbage-first heap   total 18432K, used 4451K [0x0000000081c00000, 0x0000000100000000)
  region size 1024K, 1 young (1024K), 1 survivors (1024K)
 Metaspace       used 8437K, committed 8640K, reserved 1114112K
  class space    used 951K, committed 1024K, reserved 1048576K
}

